2022-07-07 18:22:37 -  - exec CUpdateClientPartner::SearchModulesEx
2022-07-07 18:22:37 -  - exec CUpdateClientPartner::__CollectRequestData
2022-07-07 18:22:37 -  - utf=Y&lang=ru&stable=Y&CANGZIP=Y&SUPD_DBS=MYSQL&XE=N&CLIENT_SITE=btrx&LICENSE_KEY=X&SUPD_STS=1&SUPD_URS=0&SUPD_URSA=1&TYPENC=D&CLIENT_PHPVER=7.4.29&NGINX=Y&dbv=5.6.51&instm=main%2C22.0.300%2CY%3Bb24connector%2C21.100.0%2CN%3Bbitrix.sitecorporate%2C15.5.0%2CN%3Bbitrixcloud%2C22.0.0%2CN%3Bclouds%2C22.0.0%2CN%3Bfileman%2C22.0.0%2CN%3Bhighloadblock%2C22.200.0%2CN%3Biblock%2C21.800.300%2CN%3Blanding%2C21.1300.200%2CN%3Bmessageservice%2C22.200.100%2CN%3Bperfmon%2C21.0.0%2CN%3Brest%2C22.0.100%2CN%3Bsearch%2C22.0.0%2CN%3Bseo%2C22.0.200%2CN%3Bsocialservices%2C22.0.250%2CN%3Btranslate%2C21.100.0%2CN%3Bui%2C22.400.50%2CN&search_module_id=&search_module=&search_category=7%2C14&search_type=&search_order=DESC&search_order_by=SORT&search_page=1&SUPD_SRS=RU&SUPD_CMP=N
2022-07-07 18:22:37 -  - exec CUpdateClientPartner::GetHTTPPage
2022-07-07 18:22:38 -  - TIME SearchModulesEx(request) 1.526 sec
2022-07-07 18:22:38 -  - exec CUpdateClientPartner::ParseServerData
2022-07-07 18:23:51 -  - exec CUpdateClientPartner::LoadModulesUpdates
2022-07-07 18:23:51 -  - exec CUpdateClientPartner::__CollectRequestData
2022-07-07 18:23:51 -  - utf=Y&lang=ru&stable=Y&CANGZIP=Y&SUPD_DBS=MYSQL&XE=N&CLIENT_SITE=btrx&LICENSE_KEY=X&SUPD_STS=1&SUPD_URS=0&SUPD_URSA=1&TYPENC=D&CLIENT_PHPVER=7.4.29&NGINX=Y&dbv=5.6.51&instm=main%2C22.0.300%2CY%3Bb24connector%2C21.100.0%2CN%3Bbitrix.sitecorporate%2C15.5.0%2CN%3Bbitrixcloud%2C22.0.0%2CN%3Bclouds%2C22.0.0%2CN%3Bfileman%2C22.0.0%2CN%3Bhighloadblock%2C22.200.0%2CN%3Biblock%2C21.800.300%2CN%3Blanding%2C21.1300.200%2CN%3Bmessageservice%2C22.200.100%2CN%3Bperfmon%2C21.0.0%2CN%3Brest%2C22.0.100%2CN%3Bsearch%2C22.0.0%2CN%3Bseo%2C22.0.200%2CN%3Bsocialservices%2C22.0.250%2CN%3Btranslate%2C21.100.0%2CN%3Bui%2C22.400.50%2CN&reqm=krayt.carwash&lim=Y&SUPD_SRS=RU&SUPD_CMP=N
2022-07-07 18:23:51 -  - exec CUpdateClientPartner::GetHTTPPage
2022-07-07 18:23:52 -  - TIME LoadModulesUpdates(request) 0.761 sec
2022-07-07 18:23:52 -  - exec CUpdateClientPartner::ParseServerData
2022-07-07 18:23:52 - S - STEP
2022-07-07 18:23:52 - LM4W01 - loadModule4Wizard-Step
2022-07-07 18:23:52 -  - exec CUpdateClientPartner::LoadModulesUpdates
2022-07-07 18:23:52 -  - exec CUpdateClientPartner::ParseServerData
2022-07-07 18:23:52 -  - loadFile
2022-07-07 18:23:53 - U - RETURN
2022-07-07 18:23:53 -  - exec CUpdateClientPartner::UnGzipArchive
2022-07-07 18:23:53 -  - TIME UnGzipArchive 0.11 sec
2022-07-07 18:23:53 -  - TIME UpdateStepModules 0.247 sec
2022-07-07 18:23:54 -  - exec CUpdateClientPartner::LoadModulesUpdates
2022-07-07 18:23:54 -  - exec CUpdateClientPartner::__CollectRequestData
2022-07-07 18:23:54 -  - utf=Y&lang=ru&stable=Y&CANGZIP=Y&SUPD_DBS=MYSQL&XE=N&CLIENT_SITE=btrx&LICENSE_KEY=X&SUPD_STS=1&SUPD_URS=0&SUPD_URSA=1&TYPENC=D&CLIENT_PHPVER=7.4.29&NGINX=Y&dbv=5.6.51&instm=main%2C22.0.300%2CY%3Bb24connector%2C21.100.0%2CN%3Bbitrix.sitecorporate%2C15.5.0%2CN%3Bbitrixcloud%2C22.0.0%2CN%3Bclouds%2C22.0.0%2CN%3Bfileman%2C22.0.0%2CN%3Bhighloadblock%2C22.200.0%2CN%3Biblock%2C21.800.300%2CN%3Bkrayt.carwash%2C0.0.1%2CY%3Blanding%2C21.1300.200%2CN%3Bmessageservice%2C22.200.100%2CN%3Bperfmon%2C21.0.0%2CN%3Brest%2C22.0.100%2CN%3Bsearch%2C22.0.0%2CN%3Bseo%2C22.0.200%2CN%3Bsocialservices%2C22.0.250%2CN%3Btranslate%2C21.100.0%2CN%3Bui%2C22.400.50%2CN&reqm=krayt.carwash&lim=Y&SUPD_SRS=RU&SUPD_CMP=N
2022-07-07 18:23:54 -  - exec CUpdateClientPartner::GetHTTPPage
2022-07-07 18:23:54 -  - TIME LoadModulesUpdates(request) 0.212 sec
2022-07-07 18:23:54 -  - exec CUpdateClientPartner::ParseServerData
2022-07-07 18:23:54 - STEP - Finish - NOUPDATES
2022-07-07 18:23:54 - LM4W03 - Finish - NOUPDATES
2022-07-07 18:24:08 -  - exec CUpdateClientPartner::SearchModulesEx
2022-07-07 18:24:08 -  - exec CUpdateClientPartner::__CollectRequestData
2022-07-07 18:24:08 -  - utf=Y&lang=ru&stable=Y&CANGZIP=Y&SUPD_DBS=MYSQL&XE=N&CLIENT_SITE=btrx&LICENSE_KEY=X&SUPD_STS=1&SUPD_URS=0&SUPD_URSA=1&TYPENC=D&CLIENT_PHPVER=7.4.29&NGINX=Y&dbv=5.6.51&instm=main%2C22.0.300%2CY%3Bb24connector%2C21.100.0%2CN%3Bbitrix.sitecorporate%2C15.5.0%2CN%3Bbitrixcloud%2C22.0.0%2CN%3Bclouds%2C22.0.0%2CN%3Bfileman%2C22.0.0%2CN%3Bhighloadblock%2C22.200.0%2CN%3Biblock%2C21.800.300%2CN%3Bkrayt.carwash%2C0.0.1%2CY%3Blanding%2C21.1300.200%2CN%3Bmessageservice%2C22.200.100%2CN%3Bperfmon%2C21.0.0%2CN%3Brest%2C22.0.100%2CN%3Bsearch%2C22.0.0%2CN%3Bseo%2C22.0.200%2CN%3Bsocialservices%2C22.0.250%2CN%3Btranslate%2C21.100.0%2CN%3Bui%2C22.400.50%2CN&search_module_id=&search_module=&search_category=7%2C14&search_type=&search_order=DESC&search_order_by=SORT&search_page=1&SUPD_SRS=RU&SUPD_CMP=N
2022-07-07 18:24:08 -  - exec CUpdateClientPartner::GetHTTPPage
2022-07-07 18:24:09 -  - TIME SearchModulesEx(request) 1.177 sec
2022-07-07 18:24:09 -  - exec CUpdateClientPartner::ParseServerData
2022-07-07 18:24:26 -  - exec CUpdateClientPartner::LoadModulesUpdates
2022-07-07 18:24:26 -  - exec CUpdateClientPartner::__CollectRequestData
2022-07-07 18:24:26 -  - utf=Y&lang=ru&stable=Y&CANGZIP=Y&SUPD_DBS=MYSQL&XE=N&CLIENT_SITE=btrx&LICENSE_KEY=X&SUPD_STS=1&SUPD_URS=0&SUPD_URSA=1&TYPENC=D&CLIENT_PHPVER=7.4.29&NGINX=Y&dbv=5.6.51&instm=main%2C22.0.300%2CY%3Bb24connector%2C21.100.0%2CN%3Bbitrix.sitecorporate%2C15.5.0%2CN%3Bbitrixcloud%2C22.0.0%2CN%3Bclouds%2C22.0.0%2CN%3Bfileman%2C22.0.0%2CN%3Bhighloadblock%2C22.200.0%2CN%3Biblock%2C21.800.300%2CN%3Bkrayt.carwash%2C0.0.1%2CY%3Blanding%2C21.1300.200%2CN%3Bmessageservice%2C22.200.100%2CN%3Bperfmon%2C21.0.0%2CN%3Brest%2C22.0.100%2CN%3Bsearch%2C22.0.0%2CN%3Bseo%2C22.0.200%2CN%3Bsocialservices%2C22.0.250%2CN%3Btranslate%2C21.100.0%2CN%3Bui%2C22.400.50%2CN&reqm=arlight.arstore&lim=Y&SUPD_SRS=RU&SUPD_CMP=N
2022-07-07 18:24:26 -  - exec CUpdateClientPartner::GetHTTPPage
2022-07-07 18:24:27 -  - TIME LoadModulesUpdates(request) 0.219 sec
2022-07-07 18:24:27 -  - exec CUpdateClientPartner::ParseServerData
2022-07-07 18:24:27 - S - STEP
2022-07-07 18:24:27 - LM4W01 - loadModule4Wizard-Step
2022-07-07 18:24:27 -  - exec CUpdateClientPartner::LoadModulesUpdates
2022-07-07 18:24:27 -  - exec CUpdateClientPartner::ParseServerData
2022-07-07 18:24:27 -  - loadFile
2022-07-07 18:24:47 - U - RETURN
2022-07-07 18:24:47 -  - exec CUpdateClientPartner::UnGzipArchive
2022-07-07 18:24:50 -  - TIME UnGzipArchive 2.882 sec
2022-07-07 18:24:57 -  - TIME UpdateStepModules 5.99 sec
2022-07-07 18:24:57 -  - exec CUpdateClientPartner::LoadModulesUpdates
2022-07-07 18:24:57 -  - exec CUpdateClientPartner::__CollectRequestData
2022-07-07 18:24:57 -  - utf=Y&lang=ru&stable=Y&CANGZIP=Y&SUPD_DBS=MYSQL&XE=N&CLIENT_SITE=btrx&LICENSE_KEY=X&SUPD_STS=1&SUPD_URS=0&SUPD_URSA=1&TYPENC=D&CLIENT_PHPVER=7.4.29&NGINX=Y&dbv=5.6.51&instm=main%2C22.0.300%2CY%3Barlight.arstore%2C1.0.33%2CN%3Bb24connector%2C21.100.0%2CN%3Bbitrix.sitecorporate%2C15.5.0%2CN%3Bbitrixcloud%2C22.0.0%2CN%3Bclouds%2C22.0.0%2CN%3Bfileman%2C22.0.0%2CN%3Bhighloadblock%2C22.200.0%2CN%3Biblock%2C21.800.300%2CN%3Bkrayt.carwash%2C0.0.1%2CY%3Blanding%2C21.1300.200%2CN%3Bmessageservice%2C22.200.100%2CN%3Bperfmon%2C21.0.0%2CN%3Brest%2C22.0.100%2CN%3Bsearch%2C22.0.0%2CN%3Bseo%2C22.0.200%2CN%3Bsocialservices%2C22.0.250%2CN%3Btranslate%2C21.100.0%2CN%3Bui%2C22.400.50%2CN&reqm=arlight.arstore&lim=Y&SUPD_SRS=RU&SUPD_CMP=N
2022-07-07 18:24:57 -  - exec CUpdateClientPartner::GetHTTPPage
2022-07-07 18:24:58 -  - TIME LoadModulesUpdates(request) 0.302 sec
2022-07-07 18:24:58 -  - exec CUpdateClientPartner::ParseServerData
2022-07-07 18:24:58 - S - STEP
2022-07-07 18:24:58 - LM4W01 - loadModule4Wizard-Step
2022-07-07 18:24:58 -  - exec CUpdateClientPartner::LoadModulesUpdates
2022-07-07 18:24:58 -  - exec CUpdateClientPartner::ParseServerData
2022-07-07 18:24:58 -  - loadFile
2022-07-07 18:24:58 - U - RETURN
2022-07-07 18:24:58 -  - exec CUpdateClientPartner::UnGzipArchive
2022-07-07 18:24:58 -  - TIME UnGzipArchive 0.039 sec
2022-07-07 18:24:58 - CSURUS1 - Run updater '/bitrix/updates/update_m1657207498/arlight.arstore/updater1.1.5.php'
2022-07-07 18:24:58 -  - TIME UpdateStepModules 0.165 sec
2022-07-07 18:24:59 -  - exec CUpdateClientPartner::LoadModulesUpdates
2022-07-07 18:24:59 -  - exec CUpdateClientPartner::__CollectRequestData
2022-07-07 18:24:59 - Ux12 - Ошибка описания модуля "itertech.cart"
2022-07-07 18:24:59 -  - utf=Y&lang=ru&stable=Y&CANGZIP=Y&SUPD_DBS=MYSQL&XE=N&CLIENT_SITE=btrx&LICENSE_KEY=X&SUPD_STS=1&SUPD_URS=0&SUPD_URSA=1&TYPENC=D&CLIENT_PHPVER=7.4.29&NGINX=Y&dbv=5.6.51&instm=main%2C22.0.300%2CY%3Barlight.arstore%2C1.1.5%2CN%3Bb24connector%2C21.100.0%2CN%3Bbitrix.sitecorporate%2C15.5.0%2CN%3Bbitrixcloud%2C22.0.0%2CN%3Bclouds%2C22.0.0%2CN%3Bfileman%2C22.0.0%2CN%3Bhighloadblock%2C22.200.0%2CN%3Biblock%2C21.800.300%2CN%3Bkrayt.carwash%2C0.0.1%2CY%3Blanding%2C21.1300.200%2CN%3Bmessageservice%2C22.200.100%2CN%3Bperfmon%2C21.0.0%2CN%3Brest%2C22.0.100%2CN%3Bsearch%2C22.0.0%2CN%3Bseo%2C22.0.200%2CN%3Bsocialservices%2C22.0.250%2CN%3Btranslate%2C21.100.0%2CN%3Bui%2C22.400.50%2CN&reqm=arlight.arstore&lim=Y&SUPD_SRS=RU&SUPD_CMP=N
2022-07-07 18:24:59 -  - exec CUpdateClientPartner::GetHTTPPage
2022-07-07 18:24:59 -  - TIME LoadModulesUpdates(request) 0.197 sec
2022-07-07 18:24:59 -  - exec CUpdateClientPartner::ParseServerData
2022-07-07 18:24:59 - S - STEP
2022-07-07 18:24:59 - LM4W01 - loadModule4Wizard-Step
2022-07-07 18:24:59 -  - exec CUpdateClientPartner::LoadModulesUpdates
2022-07-07 18:24:59 -  - exec CUpdateClientPartner::ParseServerData
2022-07-07 18:24:59 -  - loadFile
2022-07-07 18:24:59 - U - RETURN
2022-07-07 18:24:59 -  - exec CUpdateClientPartner::UnGzipArchive
2022-07-07 18:24:59 -  - TIME UnGzipArchive 0.019 sec
2022-07-07 18:24:59 - CSURUS1 - Run updater '/bitrix/updates/update_m1657207499/arlight.arstore/updater1.2.3.php'
2022-07-07 18:24:59 -  - TIME UpdateStepModules 0.047 sec
2022-07-07 18:24:59 -  - exec CUpdateClientPartner::LoadModulesUpdates
2022-07-07 18:24:59 -  - exec CUpdateClientPartner::__CollectRequestData
2022-07-07 18:24:59 - Ux12 - Ошибка описания модуля "itertech.cart"
2022-07-07 18:25:00 -  - utf=Y&lang=ru&stable=Y&CANGZIP=Y&SUPD_DBS=MYSQL&XE=N&CLIENT_SITE=btrx&LICENSE_KEY=X&SUPD_STS=1&SUPD_URS=0&SUPD_URSA=1&TYPENC=D&CLIENT_PHPVER=7.4.29&NGINX=Y&dbv=5.6.51&instm=main%2C22.0.300%2CY%3Barlight.arstore%2C1.2.3%2CN%3Bb24connector%2C21.100.0%2CN%3Bbitrix.sitecorporate%2C15.5.0%2CN%3Bbitrixcloud%2C22.0.0%2CN%3Bclouds%2C22.0.0%2CN%3Bfileman%2C22.0.0%2CN%3Bhighloadblock%2C22.200.0%2CN%3Biblock%2C21.800.300%2CN%3Bkrayt.carwash%2C0.0.1%2CY%3Blanding%2C21.1300.200%2CN%3Bmessageservice%2C22.200.100%2CN%3Bperfmon%2C21.0.0%2CN%3Brest%2C22.0.100%2CN%3Bsearch%2C22.0.0%2CN%3Bseo%2C22.0.200%2CN%3Bsocialservices%2C22.0.250%2CN%3Btranslate%2C21.100.0%2CN%3Bui%2C22.400.50%2CN&reqm=arlight.arstore&lim=Y&SUPD_SRS=RU&SUPD_CMP=N
2022-07-07 18:25:00 -  - exec CUpdateClientPartner::GetHTTPPage
2022-07-07 18:25:00 -  - TIME LoadModulesUpdates(request) 0.219 sec
2022-07-07 18:25:00 -  - exec CUpdateClientPartner::ParseServerData
2022-07-07 18:25:00 - S - STEP
2022-07-07 18:25:00 - LM4W01 - loadModule4Wizard-Step
2022-07-07 18:25:00 -  - exec CUpdateClientPartner::LoadModulesUpdates
2022-07-07 18:25:00 -  - exec CUpdateClientPartner::ParseServerData
2022-07-07 18:25:00 -  - loadFile
2022-07-07 18:25:00 - U - RETURN
2022-07-07 18:25:00 -  - exec CUpdateClientPartner::UnGzipArchive
2022-07-07 18:25:00 -  - TIME UnGzipArchive 0.049 sec
2022-07-07 18:25:00 - CSURUS1 - Run updater '/bitrix/updates/update_m1657207500/arlight.arstore/updater1.3.18.php'
2022-07-07 18:25:01 -  - TIME UpdateStepModules 0.218 sec
2022-07-07 18:25:01 -  - exec CUpdateClientPartner::LoadModulesUpdates
2022-07-07 18:25:01 -  - exec CUpdateClientPartner::__CollectRequestData
2022-07-07 18:25:01 - Ux12 - Ошибка описания модуля "itertech.cart"
2022-07-07 18:25:01 -  - utf=Y&lang=ru&stable=Y&CANGZIP=Y&SUPD_DBS=MYSQL&XE=N&CLIENT_SITE=btrx&LICENSE_KEY=X&SUPD_STS=1&SUPD_URS=0&SUPD_URSA=1&TYPENC=D&CLIENT_PHPVER=7.4.29&NGINX=Y&dbv=5.6.51&instm=main%2C22.0.300%2CY%3Barlight.arstore%2C1.3.18%2CN%3Bb24connector%2C21.100.0%2CN%3Bbitrix.sitecorporate%2C15.5.0%2CN%3Bbitrixcloud%2C22.0.0%2CN%3Bclouds%2C22.0.0%2CN%3Bfileman%2C22.0.0%2CN%3Bhighloadblock%2C22.200.0%2CN%3Biblock%2C21.800.300%2CN%3Bkrayt.carwash%2C0.0.1%2CY%3Blanding%2C21.1300.200%2CN%3Bmessageservice%2C22.200.100%2CN%3Bperfmon%2C21.0.0%2CN%3Brest%2C22.0.100%2CN%3Bsearch%2C22.0.0%2CN%3Bseo%2C22.0.200%2CN%3Bsocialservices%2C22.0.250%2CN%3Btranslate%2C21.100.0%2CN%3Bui%2C22.400.50%2CN&reqm=arlight.arstore&lim=Y&SUPD_SRS=RU&SUPD_CMP=N
2022-07-07 18:25:01 -  - exec CUpdateClientPartner::GetHTTPPage
2022-07-07 18:25:01 -  - TIME LoadModulesUpdates(request) 0.212 sec
2022-07-07 18:25:01 -  - exec CUpdateClientPartner::ParseServerData
2022-07-07 18:25:01 - S - STEP
2022-07-07 18:25:01 - LM4W01 - loadModule4Wizard-Step
2022-07-07 18:25:01 -  - exec CUpdateClientPartner::LoadModulesUpdates
2022-07-07 18:25:01 -  - exec CUpdateClientPartner::ParseServerData
2022-07-07 18:25:01 -  - loadFile
2022-07-07 18:25:01 - U - RETURN
2022-07-07 18:25:01 -  - exec CUpdateClientPartner::UnGzipArchive
2022-07-07 18:25:01 -  - TIME UnGzipArchive 0.036 sec
2022-07-07 18:25:01 - CSURUS1 - Run updater '/bitrix/updates/update_m1657207501/arlight.arstore/updater1.4.4/index.php'
2022-07-07 18:25:02 -  - TIME UpdateStepModules 0.195 sec
2022-07-07 18:25:02 -  - exec CUpdateClientPartner::LoadModulesUpdates
2022-07-07 18:25:02 -  - exec CUpdateClientPartner::__CollectRequestData
2022-07-07 18:25:02 - Ux12 - Ошибка описания модуля "itertech.cart"
2022-07-07 18:25:02 -  - utf=Y&lang=ru&stable=Y&CANGZIP=Y&SUPD_DBS=MYSQL&XE=N&CLIENT_SITE=btrx&LICENSE_KEY=X&SUPD_STS=1&SUPD_URS=0&SUPD_URSA=1&TYPENC=D&CLIENT_PHPVER=7.4.29&NGINX=Y&dbv=5.6.51&instm=main%2C22.0.300%2CY%3Barlight.arstore%2C1.4.4%2CN%3Bb24connector%2C21.100.0%2CN%3Bbitrix.sitecorporate%2C15.5.0%2CN%3Bbitrixcloud%2C22.0.0%2CN%3Bclouds%2C22.0.0%2CN%3Bfileman%2C22.0.0%2CN%3Bhighloadblock%2C22.200.0%2CN%3Biblock%2C21.800.300%2CN%3Bkrayt.carwash%2C0.0.1%2CY%3Blanding%2C21.1300.200%2CN%3Bmessageservice%2C22.200.100%2CN%3Bperfmon%2C21.0.0%2CN%3Brest%2C22.0.100%2CN%3Bsearch%2C22.0.0%2CN%3Bseo%2C22.0.200%2CN%3Bsocialservices%2C22.0.250%2CN%3Btranslate%2C21.100.0%2CN%3Bui%2C22.400.50%2CN&reqm=arlight.arstore&lim=Y&SUPD_SRS=RU&SUPD_CMP=N
2022-07-07 18:25:02 -  - exec CUpdateClientPartner::GetHTTPPage
2022-07-07 18:25:02 -  - TIME LoadModulesUpdates(request) 0.238 sec
2022-07-07 18:25:02 -  - exec CUpdateClientPartner::ParseServerData
2022-07-07 18:25:02 - S - STEP
2022-07-07 18:25:02 - LM4W01 - loadModule4Wizard-Step
2022-07-07 18:25:02 -  - exec CUpdateClientPartner::LoadModulesUpdates
2022-07-07 18:25:02 -  - exec CUpdateClientPartner::ParseServerData
2022-07-07 18:25:02 -  - loadFile
2022-07-07 18:25:03 - U - RETURN
2022-07-07 18:25:03 -  - exec CUpdateClientPartner::UnGzipArchive
2022-07-07 18:25:03 -  - TIME UnGzipArchive 0.024 sec
2022-07-07 18:25:03 - CSURUS1 - Run updater '/bitrix/updates/update_m1657207503/arlight.arstore/updater1.5.0/index.php'
2022-07-07 18:25:03 -  - TIME UpdateStepModules 0.069 sec
2022-07-07 18:25:03 -  - exec CUpdateClientPartner::LoadModulesUpdates
2022-07-07 18:25:03 -  - exec CUpdateClientPartner::__CollectRequestData
2022-07-07 18:25:03 - Ux12 - Ошибка описания модуля "itertech.cart"
2022-07-07 18:25:03 -  - utf=Y&lang=ru&stable=Y&CANGZIP=Y&SUPD_DBS=MYSQL&XE=N&CLIENT_SITE=btrx&LICENSE_KEY=X&SUPD_STS=1&SUPD_URS=0&SUPD_URSA=1&TYPENC=D&CLIENT_PHPVER=7.4.29&NGINX=Y&dbv=5.6.51&instm=main%2C22.0.300%2CY%3Barlight.arstore%2C1.5.0%2CN%3Bb24connector%2C21.100.0%2CN%3Bbitrix.sitecorporate%2C15.5.0%2CN%3Bbitrixcloud%2C22.0.0%2CN%3Bclouds%2C22.0.0%2CN%3Bfileman%2C22.0.0%2CN%3Bhighloadblock%2C22.200.0%2CN%3Biblock%2C21.800.300%2CN%3Bkrayt.carwash%2C0.0.1%2CY%3Blanding%2C21.1300.200%2CN%3Bmessageservice%2C22.200.100%2CN%3Bperfmon%2C21.0.0%2CN%3Brest%2C22.0.100%2CN%3Bsearch%2C22.0.0%2CN%3Bseo%2C22.0.200%2CN%3Bsocialservices%2C22.0.250%2CN%3Btranslate%2C21.100.0%2CN%3Bui%2C22.400.50%2CN&reqm=arlight.arstore&lim=Y&SUPD_SRS=RU&SUPD_CMP=N
2022-07-07 18:25:03 -  - exec CUpdateClientPartner::GetHTTPPage
2022-07-07 18:25:03 -  - TIME LoadModulesUpdates(request) 0.22 sec
2022-07-07 18:25:03 -  - exec CUpdateClientPartner::ParseServerData
2022-07-07 18:25:03 - S - STEP
2022-07-07 18:25:03 - LM4W01 - loadModule4Wizard-Step
2022-07-07 18:25:03 -  - exec CUpdateClientPartner::LoadModulesUpdates
2022-07-07 18:25:03 -  - exec CUpdateClientPartner::ParseServerData
2022-07-07 18:25:03 -  - loadFile
2022-07-07 18:25:04 - U - RETURN
2022-07-07 18:25:04 -  - exec CUpdateClientPartner::UnGzipArchive
2022-07-07 18:25:04 -  - TIME UnGzipArchive 0.093 sec
2022-07-07 18:25:04 - CSURUS1 - Run updater '/bitrix/updates/update_m1657207504/arlight.arstore/updater1.6.11/index.php'
2022-07-07 18:25:04 -  - TIME UpdateStepModules 0.216 sec
2022-07-07 18:25:04 -  - exec CUpdateClientPartner::LoadModulesUpdates
2022-07-07 18:25:04 -  - exec CUpdateClientPartner::__CollectRequestData
2022-07-07 18:25:04 - Ux12 - Ошибка описания модуля "itertech.cart"
2022-07-07 18:25:04 -  - utf=Y&lang=ru&stable=Y&CANGZIP=Y&SUPD_DBS=MYSQL&XE=N&CLIENT_SITE=btrx&LICENSE_KEY=X&SUPD_STS=1&SUPD_URS=0&SUPD_URSA=1&TYPENC=D&CLIENT_PHPVER=7.4.29&NGINX=Y&dbv=5.6.51&instm=main%2C22.0.300%2CY%3Barlight.arstore%2C1.6.11%2CN%3Bb24connector%2C21.100.0%2CN%3Bbitrix.sitecorporate%2C15.5.0%2CN%3Bbitrixcloud%2C22.0.0%2CN%3Bclouds%2C22.0.0%2CN%3Bfileman%2C22.0.0%2CN%3Bhighloadblock%2C22.200.0%2CN%3Biblock%2C21.800.300%2CN%3Bkrayt.carwash%2C0.0.1%2CY%3Blanding%2C21.1300.200%2CN%3Bmessageservice%2C22.200.100%2CN%3Bperfmon%2C21.0.0%2CN%3Brest%2C22.0.100%2CN%3Bsearch%2C22.0.0%2CN%3Bseo%2C22.0.200%2CN%3Bsocialservices%2C22.0.250%2CN%3Btranslate%2C21.100.0%2CN%3Bui%2C22.400.50%2CN&reqm=arlight.arstore&lim=Y&SUPD_SRS=RU&SUPD_CMP=N
2022-07-07 18:25:04 -  - exec CUpdateClientPartner::GetHTTPPage
2022-07-07 18:25:05 -  - TIME LoadModulesUpdates(request) 0.209 sec
2022-07-07 18:25:05 -  - exec CUpdateClientPartner::ParseServerData
2022-07-07 18:25:05 - S - STEP
2022-07-07 18:25:05 - LM4W01 - loadModule4Wizard-Step
2022-07-07 18:25:05 -  - exec CUpdateClientPartner::LoadModulesUpdates
2022-07-07 18:25:05 -  - exec CUpdateClientPartner::ParseServerData
2022-07-07 18:25:05 -  - loadFile
2022-07-07 18:25:05 - U - RETURN
2022-07-07 18:25:05 -  - exec CUpdateClientPartner::UnGzipArchive
2022-07-07 18:25:05 -  - TIME UnGzipArchive 0.044 sec
2022-07-07 18:25:05 - CSURUS1 - Run updater '/bitrix/updates/update_m1657207505/arlight.arstore/updater1.7.4/index.php'
2022-07-07 18:25:05 -  - TIME UpdateStepModules 0.138 sec
2022-07-07 18:25:06 -  - exec CUpdateClientPartner::LoadModulesUpdates
2022-07-07 18:25:06 -  - exec CUpdateClientPartner::__CollectRequestData
2022-07-07 18:25:06 - Ux12 - Ошибка описания модуля "itertech.cart"
2022-07-07 18:25:06 -  - utf=Y&lang=ru&stable=Y&CANGZIP=Y&SUPD_DBS=MYSQL&XE=N&CLIENT_SITE=btrx&LICENSE_KEY=X&SUPD_STS=1&SUPD_URS=0&SUPD_URSA=1&TYPENC=D&CLIENT_PHPVER=7.4.29&NGINX=Y&dbv=5.6.51&instm=main%2C22.0.300%2CY%3Barlight.arstore%2C1.7.4%2CN%3Bb24connector%2C21.100.0%2CN%3Bbitrix.sitecorporate%2C15.5.0%2CN%3Bbitrixcloud%2C22.0.0%2CN%3Bclouds%2C22.0.0%2CN%3Bfileman%2C22.0.0%2CN%3Bhighloadblock%2C22.200.0%2CN%3Biblock%2C21.800.300%2CN%3Bkrayt.carwash%2C0.0.1%2CY%3Blanding%2C21.1300.200%2CN%3Bmessageservice%2C22.200.100%2CN%3Bperfmon%2C21.0.0%2CN%3Brest%2C22.0.100%2CN%3Bsearch%2C22.0.0%2CN%3Bseo%2C22.0.200%2CN%3Bsocialservices%2C22.0.250%2CN%3Btranslate%2C21.100.0%2CN%3Bui%2C22.400.50%2CN&reqm=arlight.arstore&lim=Y&SUPD_SRS=RU&SUPD_CMP=N
2022-07-07 18:25:06 -  - exec CUpdateClientPartner::GetHTTPPage
2022-07-07 18:25:06 -  - TIME LoadModulesUpdates(request) 0.232 sec
2022-07-07 18:25:06 -  - exec CUpdateClientPartner::ParseServerData
2022-07-07 18:25:06 - STEP - Finish - NOUPDATES
2022-07-07 18:25:06 - LM4W03 - Finish - NOUPDATES
2022-07-07 18:27:35 -  - exec CUpdateClientPartner::__CollectRequestData
2022-07-07 18:27:35 -  - exec CUpdateClientPartner::GetHTTPPage
2022-07-07 18:27:35 -  - exec CUpdateClientPartner::ParseServerData
2022-07-07 18:27:35 -  - exec CUpdateClientPartner::GetUpdatesList
2022-07-07 18:27:35 -  - exec CUpdateClientPartner::__CollectRequestData
2022-07-07 18:27:35 -  - utf=Y&lang=ru&stable=Y&CANGZIP=Y&SUPD_DBS=MYSQL&XE=N&CLIENT_SITE=btrx&LICENSE_KEY=X&SUPD_STS=1&SUPD_URS=0&SUPD_URSA=1&TYPENC=D&CLIENT_PHPVER=7.4.29&NGINX=Y&dbv=5.6.51&instm=main%2C22.0.300%2CY%3Barlight.arstore%2C1.7.4%2CN%3Bb24connector%2C21.100.0%2CN%3Bbitrix.sitecorporate%2C15.5.0%2CN%3Bbitrixcloud%2C22.0.0%2CN%3Bclouds%2C22.0.0%2CN%3Bfileman%2C22.0.0%2CN%3Bhighloadblock%2C22.200.0%2CN%3Biblock%2C21.800.300%2CN%3Bitertech.cart%2C1.0.0%2CN%3Bkrayt.carwash%2C0.0.1%2CY%3Blanding%2C21.1300.200%2CN%3Bmessageservice%2C22.200.100%2CN%3Bperfmon%2C21.0.0%2CN%3Brest%2C22.0.100%2CN%3Bsearch%2C22.0.0%2CN%3Bseo%2C22.0.200%2CN%3Bsocialservices%2C22.0.250%2CN%3Btranslate%2C21.100.0%2CN%3Bui%2C22.400.50%2CN&reqm=arlight.arstore%2Cbitrix.sitecorporate%2Citertech.cart%2Ckrayt.carwash&fullmoduleinfo=Y&SUPD_SRS=RU&SUPD_CMP=N
2022-07-07 18:27:35 -  - exec CUpdateClientPartner::GetHTTPPage
2022-07-07 18:27:35 -  - TIME GetUpdatesList(request) 0.216 sec
2022-07-07 18:27:35 -  - exec CUpdateClientPartner::ParseServerData
2022-07-07 18:27:35 -  - exec CUpdateClientPartner::__CollectRequestData
2022-07-07 18:27:35 -  - exec CUpdateClientPartner::GetHTTPPage
2022-07-07 18:27:36 -  - exec CUpdateClientPartner::ParseServerData
