2022-Jul-08 07:37:39 Наличие необходимых модулей php (check_php_modules): Ok
Все необходимые модули установлены
2022-Jul-08 07:37:39 Обязательные параметры PHP (check_php_settings): Fail
Ошибка! Значение max_input_vars должно быть не ниже 10000. Текущее значение: 1000
2022-Jul-08 07:37:40 Модули веб-сервера (check_security): Ok
Конфликтов не выявлено
2022-Jul-08 07:37:40 Значения переменных сервера (check_server_vars): Fail
Ошибка! Текущий домен не валидный (btrx). Может содержать только цифры, латинские буквы и дефис. Должен содержать точку.
2022-Jul-08 07:37:40 Сохранение сессии (check_session): Ok
50% done
2022-Jul-08 07:37:40 Сохранение сессии (check_session): Ok
Успешно
2022-Jul-08 07:37:40 Параметры настройки UTF (mbstring и константа BX_UTF) (check_mbstring): Ok
Правильные. Сайт работает в UTF кодировке
2022-Jul-08 07:37:40 Служебные скрипты в корне сайта (check_install_scripts): Ok
Отсутствуют
2022-Jul-08 07:37:40 Работа с сокетами (check_socket): Ok
Connection to btrx:80	Success

Успешно
2022-Jul-08 07:37:41 Выполнение агентов на cron (check_bx_crontab): Warning
Замечание. Агенты выполняются на хитах, рекомендуется перевести выполнение агентов на cron
2022-Jul-08 07:37:41 Параметры подключения к базе данных (check_dbconn_settings): Ok
Успешно
2022-Jul-08 07:37:41 Лишний вывод в файлах конфигурации (check_dbconn): Ok
Connection to btrx:80	Success

Успешно
2022-Jul-08 07:37:41 Сохранение сессии без UserAgent (check_session_ua): Ok
50% done
Connection to btrx:80	Success

2022-Jul-08 07:37:41 Сохранение сессии без UserAgent (check_session_ua): Ok
Connection to btrx:80	Success

Успешно
2022-Jul-08 07:37:41 Настройки сайтов (check_sites): Ok
Правильные
2022-Jul-08 07:37:42 Передача объектов по ссылке (check_clone): Ok
Успешно
2022-Jul-08 07:37:42 Размер стека и pcre.recursion_limit (check_pcre_recursion): Ok
Connection to btrx:80	Success

Успешно
2022-Jul-08 07:37:42 Загрузка файла (check_upload): Ok
Connection to btrx:80	Success

Успешно
2022-Jul-08 07:37:42 Загрузка файла больше 4Мб (check_upload_big): Ok
Connection to btrx:80	Success

Успешно
2022-Jul-08 07:37:42 Загрузка файла через php://input (check_upload_raw): Ok
Connection to btrx:80	Success

Успешно
2022-Jul-08 07:37:42 Передача POST запроса с большим числом параметров (check_post): Ok
Connection to btrx:80	Success

Успешно
2022-Jul-08 07:37:42 Отправка почты (check_mail): Ok
Успешно
2022-Jul-08 07:37:43 Отправка почтового сообщения больше 64Кб (check_mail_big): Ok
Успешно
2022-Jul-08 07:37:43 Проверка на наличие неотправленных сообщений (check_mail_b_event): Ok
Успешно
2022-Jul-08 07:37:43 Внутреннее перенаправление (функция LocalRedirect) (check_localredirect): Ok
50% done
Connection to btrx:80	Success

2022-Jul-08 07:37:43 Внутреннее перенаправление (функция LocalRedirect) (check_localredirect): Ok
Connection to btrx:80	Success

Успешно
2022-Jul-08 07:37:43 Фактическое ограничение памяти (check_memory_limit): Ok
20% done
Connection to btrx:80	Success

2022-Jul-08 07:37:43 Фактическое ограничение памяти (check_memory_limit): Ok
40% done
Connection to btrx:80	Success

2022-Jul-08 07:37:43 Фактическое ограничение памяти (check_memory_limit): Ok
60% done
Connection to btrx:80	Success

2022-Jul-08 07:37:44 Фактическое ограничение памяти (check_memory_limit): Ok
80% done
Connection to btrx:80	Success

2022-Jul-08 07:37:44 Фактическое ограничение памяти (check_memory_limit): Ok
Connection to btrx:80	Success

Не менее 256 М
2022-Jul-08 07:37:44 Работа с файлами кеша (check_cache): Ok
Успешно
2022-Jul-08 07:37:44 Доступ к серверу обновлений (check_update): Ok
Успешно
2022-Jul-08 07:37:45 HTTP авторизация (check_http_auth): Ok
Connection to btrx:80	Success

Успешно
2022-Jul-08 07:37:45 Создание и запуск файла (check_exec): Ok
Connection to btrx:80	Success

Успешно
2022-Jul-08 07:37:45 Функция getimagesize для swf (check_getimagesize): Ok
Успешно
2022-Jul-08 07:37:45 Версия MySQL-сервера (check_mysql_bug_version): Ok
Успешно
2022-Jul-08 07:37:46 Время на БД и веб-сервере (check_mysql_time): Ok
Успешно
2022-Jul-08 07:37:46 Режим работы MySQL (check_mysql_mode): Ok
Успешно
2022-Jul-08 07:37:46 Кодировка соединения (check_mysql_connection_charset): Ok
character_set_connection=utf8, collation_connection=utf8_unicode_ci, character_set_results=utf8
Успешно
2022-Jul-08 07:37:46 Кодировка базы данных (check_mysql_db_charset): Ok
CHARSET=utf8, COLLATION=utf8_unicode_ci
Успешно
2022-Jul-08 07:37:47 Кодировки таблиц в БД (check_mysql_table_charset): Ok
Успешно
2022-Jul-08 07:37:48 Структура базы данных (check_mysql_table_structure): Ok
0% done
2022-Jul-08 07:37:48 Структура базы данных (check_mysql_table_structure): Ok
5% done
2022-Jul-08 07:37:48 Структура базы данных (check_mysql_table_structure): Ok
11% done
2022-Jul-08 07:37:48 Структура базы данных (check_mysql_table_structure): Ok
17% done
2022-Jul-08 07:37:49 Структура базы данных (check_mysql_table_structure): Ok
23% done
2022-Jul-08 07:37:49 Структура базы данных (check_mysql_table_structure): Ok
29% done
2022-Jul-08 07:37:50 Структура базы данных (check_mysql_table_structure): Ok
35% done
2022-Jul-08 07:37:51 Структура базы данных (check_mysql_table_structure): Ok
41% done
2022-Jul-08 07:37:54 Структура базы данных (check_mysql_table_structure): Ok
47% done
2022-Jul-08 07:37:54 Структура базы данных (check_mysql_table_structure): Ok
52% done
2022-Jul-08 07:37:54 Структура базы данных (check_mysql_table_structure): Ok
58% done
2022-Jul-08 07:37:55 Структура базы данных (check_mysql_table_structure): Ok
64% done
2022-Jul-08 07:37:55 Структура базы данных (check_mysql_table_structure): Ok
70% done
2022-Jul-08 07:37:56 Структура базы данных (check_mysql_table_structure): Ok
76% done
2022-Jul-08 07:37:56 Структура базы данных (check_mysql_table_structure): Ok
82% done
2022-Jul-08 07:37:56 Структура базы данных (check_mysql_table_structure): Ok
88% done
2022-Jul-08 07:37:56 Структура базы данных (check_mysql_table_structure): Ok
94% done
2022-Jul-08 07:37:57 Структура базы данных (check_mysql_table_structure): Ok
Успешно
